{"/home/pablo/Documentos/Projetos/ignite/react-native/gofinances/src/components/Form/Button/index.tsx": {"path":"/home/pablo/Documentos/Projetos/ignite/react-native/gofinances/src/components/Form/Button/index.tsx","statementMap":{"0":{"start":{"line":10,"column":22},"end":{"line":16,"column":1}},"1":{"start":{"line":11,"column":2},"end":{"line":15,"column":4}}},"fnMap":{"0":{"name":"(anonymous_0)","decl":{"start":{"line":10,"column":22},"end":{"line":10,"column":23}},"loc":{"start":{"line":10,"column":62},"end":{"line":16,"column":1}},"line":10}},"branchMap":{},"s":{"0":1,"1":4},"f":{"0":4},"b":{},"_coverageSchema":"1a1c01bbd47fc00a2c39e90264f33305004495a9","hash":"d09e8e78639216ef7021f828fe917d1d7a17d943"}
,"/home/pablo/Documentos/Projetos/ignite/react-native/gofinances/src/components/Form/CategorySelectButton/index.tsx": {"path":"/home/pablo/Documentos/Projetos/ignite/react-native/gofinances/src/components/Form/CategorySelectButton/index.tsx","statementMap":{"0":{"start":{"line":11,"column":53},"end":{"line":20,"column":1}},"1":{"start":{"line":12,"column":2},"end":{"line":19,"column":4}}},"fnMap":{"0":{"name":"(anonymous_0)","decl":{"start":{"line":11,"column":53},"end":{"line":11,"column":54}},"loc":{"start":{"line":11,"column":86},"end":{"line":20,"column":1}},"line":11}},"branchMap":{},"s":{"0":1,"1":2},"f":{"0":2},"b":{},"_coverageSchema":"1a1c01bbd47fc00a2c39e90264f33305004495a9","hash":"19c25ddd0b756e7b5cad6271cd54adc29a3aaf8e"}
,"/home/pablo/Documentos/Projetos/ignite/react-native/gofinances/src/components/Form/Input/index.tsx": {"path":"/home/pablo/Documentos/Projetos/ignite/react-native/gofinances/src/components/Form/Input/index.tsx","statementMap":{"0":{"start":{"line":10,"column":21},"end":{"line":12,"column":1}},"1":{"start":{"line":11,"column":2},"end":{"line":11,"column":51}}},"fnMap":{"0":{"name":"(anonymous_0)","decl":{"start":{"line":10,"column":21},"end":{"line":10,"column":22}},"loc":{"start":{"line":10,"column":61},"end":{"line":12,"column":1}},"line":10}},"branchMap":{"0":{"loc":{"start":{"line":10,"column":24},"end":{"line":10,"column":38}},"type":"default-arg","locations":[{"start":{"line":10,"column":33},"end":{"line":10,"column":38}}],"line":10}},"s":{"0":2,"1":5},"f":{"0":5},"b":{"0":[4]},"_coverageSchema":"1a1c01bbd47fc00a2c39e90264f33305004495a9","hash":"39dbd78b210e9440be21af0ecc19051ccf9f2119"}
,"/home/pablo/Documentos/Projetos/ignite/react-native/gofinances/src/components/Form/InputForm/index.tsx": {"path":"/home/pablo/Documentos/Projetos/ignite/react-native/gofinances/src/components/Form/InputForm/index.tsx","statementMap":{"0":{"start":{"line":14,"column":42},"end":{"line":31,"column":1}},"1":{"start":{"line":15,"column":2},"end":{"line":30,"column":4}},"2":{"start":{"line":20,"column":10},"end":{"line":24,"column":12}}},"fnMap":{"0":{"name":"(anonymous_0)","decl":{"start":{"line":14,"column":42},"end":{"line":14,"column":43}},"loc":{"start":{"line":14,"column":81},"end":{"line":31,"column":1}},"line":14},"1":{"name":"(anonymous_1)","decl":{"start":{"line":19,"column":16},"end":{"line":19,"column":17}},"loc":{"start":{"line":20,"column":10},"end":{"line":24,"column":12}},"line":20}},"branchMap":{"0":{"loc":{"start":{"line":28,"column":7},"end":{"line":28,"column":44}},"type":"binary-expr","locations":[{"start":{"line":28,"column":7},"end":{"line":28,"column":12}},{"start":{"line":28,"column":16},"end":{"line":28,"column":44}}],"line":28}},"s":{"0":1,"1":4,"2":4},"f":{"0":4,"1":4},"b":{"0":[4,0]},"_coverageSchema":"1a1c01bbd47fc00a2c39e90264f33305004495a9","hash":"18d3c2acdeeb0e2fec2d7cf3b473c467f9358387"}
,"/home/pablo/Documentos/Projetos/ignite/react-native/gofinances/src/components/Form/TransactionTypeButton/index.tsx": {"path":"/home/pablo/Documentos/Projetos/ignite/react-native/gofinances/src/components/Form/TransactionTypeButton/index.tsx","statementMap":{"0":{"start":{"line":12,"column":14},"end":{"line":15,"column":1}},"1":{"start":{"line":17,"column":54},"end":{"line":30,"column":1}},"2":{"start":{"line":18,"column":2},"end":{"line":29,"column":4}}},"fnMap":{"0":{"name":"(anonymous_0)","decl":{"start":{"line":17,"column":54},"end":{"line":17,"column":55}},"loc":{"start":{"line":17,"column":94},"end":{"line":30,"column":1}},"line":17}},"branchMap":{},"s":{"0":1,"1":1,"2":4},"f":{"0":4},"b":{},"_coverageSchema":"1a1c01bbd47fc00a2c39e90264f33305004495a9","hash":"0c41869d02e32040e4edc5cd4e238fada417b5f0"}
,"/home/pablo/Documentos/Projetos/ignite/react-native/gofinances/src/components/HighlightCard/index.tsx": {"path":"/home/pablo/Documentos/Projetos/ignite/react-native/gofinances/src/components/HighlightCard/index.tsx","statementMap":{"0":{"start":{"line":12,"column":13},"end":{"line":16,"column":1}},"1":{"start":{"line":18,"column":29},"end":{"line":37,"column":1}},"2":{"start":{"line":24,"column":2},"end":{"line":36,"column":4}}},"fnMap":{"0":{"name":"(anonymous_0)","decl":{"start":{"line":18,"column":29},"end":{"line":18,"column":30}},"loc":{"start":{"line":23,"column":13},"end":{"line":37,"column":1}},"line":23}},"branchMap":{},"s":{"0":0,"1":0,"2":0},"f":{"0":0},"b":{}}
,"/home/pablo/Documentos/Projetos/ignite/react-native/gofinances/src/components/HistoryCard/index.tsx": {"path":"/home/pablo/Documentos/Projetos/ignite/react-native/gofinances/src/components/HistoryCard/index.tsx","statementMap":{"0":{"start":{"line":10,"column":44},"end":{"line":17,"column":1}},"1":{"start":{"line":11,"column":2},"end":{"line":16,"column":4}}},"fnMap":{"0":{"name":"(anonymous_0)","decl":{"start":{"line":10,"column":44},"end":{"line":10,"column":45}},"loc":{"start":{"line":10,"column":74},"end":{"line":17,"column":1}},"line":10}},"branchMap":{},"s":{"0":0,"1":0},"f":{"0":0},"b":{}}
,"/home/pablo/Documentos/Projetos/ignite/react-native/gofinances/src/components/SignInSocialButton/index.tsx": {"path":"/home/pablo/Documentos/Projetos/ignite/react-native/gofinances/src/components/SignInSocialButton/index.tsx","statementMap":{"0":{"start":{"line":11,"column":51},"end":{"line":21,"column":1}},"1":{"start":{"line":12,"column":2},"end":{"line":20,"column":4}}},"fnMap":{"0":{"name":"(anonymous_0)","decl":{"start":{"line":11,"column":51},"end":{"line":11,"column":52}},"loc":{"start":{"line":11,"column":85},"end":{"line":21,"column":1}},"line":11}},"branchMap":{},"s":{"0":0,"1":0},"f":{"0":0},"b":{}}
,"/home/pablo/Documentos/Projetos/ignite/react-native/gofinances/src/components/TransactionCard/index.tsx": {"path":"/home/pablo/Documentos/Projetos/ignite/react-native/gofinances/src/components/TransactionCard/index.tsx","statementMap":{"0":{"start":{"line":18,"column":31},"end":{"line":38,"column":1}},"1":{"start":{"line":19,"column":19},"end":{"line":19,"column":70}},"2":{"start":{"line":19,"column":43},"end":{"line":19,"column":69}},"3":{"start":{"line":21,"column":2},"end":{"line":37,"column":4}}},"fnMap":{"0":{"name":"(anonymous_0)","decl":{"start":{"line":18,"column":31},"end":{"line":18,"column":32}},"loc":{"start":{"line":18,"column":52},"end":{"line":38,"column":1}},"line":18},"1":{"name":"(anonymous_1)","decl":{"start":{"line":19,"column":35},"end":{"line":19,"column":36}},"loc":{"start":{"line":19,"column":43},"end":{"line":19,"column":69}},"line":19}},"branchMap":{"0":{"loc":{"start":{"line":25,"column":11},"end":{"line":25,"column":39}},"type":"binary-expr","locations":[{"start":{"line":25,"column":11},"end":{"line":25,"column":31}},{"start":{"line":25,"column":35},"end":{"line":25,"column":39}}],"line":25}},"s":{"0":0,"1":0,"2":0,"3":0},"f":{"0":0,"1":0},"b":{"0":[0,0]}}
,"/home/pablo/Documentos/Projetos/ignite/react-native/gofinances/src/hooks/auth.tsx": {"path":"/home/pablo/Documentos/Projetos/ignite/react-native/gofinances/src/hooks/auth.tsx","statementMap":{"0":{"start":{"line":5,"column":22},"end":{"line":5,"column":33}},"1":{"start":{"line":6,"column":25},"end":{"line":6,"column":36}},"2":{"start":{"line":29,"column":20},"end":{"line":29,"column":75}},"3":{"start":{"line":31,"column":38},"end":{"line":109,"column":1}},"4":{"start":{"line":32,"column":26},"end":{"line":32,"column":52}},"5":{"start":{"line":33,"column":54},"end":{"line":33,"column":68}},"6":{"start":{"line":34,"column":25},"end":{"line":34,"column":43}},"7":{"start":{"line":36,"column":2},"end":{"line":48,"column":8}},"8":{"start":{"line":38,"column":26},"end":{"line":38,"column":68}},"9":{"start":{"line":40,"column":6},"end":{"line":43,"column":7}},"10":{"start":{"line":41,"column":27},"end":{"line":41,"column":58}},"11":{"start":{"line":42,"column":8},"end":{"line":42,"column":27}},"12":{"start":{"line":44,"column":6},"end":{"line":44,"column":34}},"13":{"start":{"line":47,"column":4},"end":{"line":47,"column":25}},"14":{"start":{"line":51,"column":26},"end":{"line":51,"column":33}},"15":{"start":{"line":52,"column":18},"end":{"line":52,"column":44}},"16":{"start":{"line":53,"column":20},"end":{"line":53,"column":164}},"17":{"start":{"line":55,"column":29},"end":{"line":57,"column":32}},"18":{"start":{"line":59,"column":4},"end":{"line":73,"column":5}},"19":{"start":{"line":60,"column":23},"end":{"line":62,"column":7}},"20":{"start":{"line":63,"column":23},"end":{"line":63,"column":44}},"21":{"start":{"line":65,"column":25},"end":{"line":70,"column":7}},"22":{"start":{"line":71,"column":6},"end":{"line":71,"column":26}},"23":{"start":{"line":72,"column":6},"end":{"line":72,"column":76}},"24":{"start":{"line":77,"column":23},"end":{"line":82,"column":6}},"25":{"start":{"line":84,"column":4},"end":{"line":96,"column":5}},"26":{"start":{"line":85,"column":19},"end":{"line":85,"column":50}},"27":{"start":{"line":86,"column":20},"end":{"line":86,"column":71}},"28":{"start":{"line":87,"column":25},"end":{"line":92,"column":7}},"29":{"start":{"line":94,"column":6},"end":{"line":94,"column":25}},"30":{"start":{"line":95,"column":6},"end":{"line":95,"column":76}},"31":{"start":{"line":100,"column":4},"end":{"line":100,"column":23}},"32":{"start":{"line":101,"column":4},"end":{"line":101,"column":49}},"33":{"start":{"line":104,"column":2},"end":{"line":108,"column":4}},"34":{"start":{"line":111,"column":23},"end":{"line":115,"column":1}},"35":{"start":{"line":112,"column":18},"end":{"line":112,"column":41}},"36":{"start":{"line":114,"column":2},"end":{"line":114,"column":17}}},"fnMap":{"0":{"name":"(anonymous_0)","decl":{"start":{"line":31,"column":38},"end":{"line":31,"column":39}},"loc":{"start":{"line":31,"column":56},"end":{"line":109,"column":1}},"line":31},"1":{"name":"(anonymous_1)","decl":{"start":{"line":36,"column":12},"end":{"line":36,"column":13}},"loc":{"start":{"line":36,"column":18},"end":{"line":48,"column":3}},"line":36},"2":{"name":"loadUserStorageData","decl":{"start":{"line":37,"column":19},"end":{"line":37,"column":38}},"loc":{"start":{"line":37,"column":56},"end":{"line":45,"column":5}},"line":37},"3":{"name":"signInWithGoogle","decl":{"start":{"line":50,"column":17},"end":{"line":50,"column":33}},"loc":{"start":{"line":50,"column":36},"end":{"line":74,"column":3}},"line":50},"4":{"name":"signInWithApple","decl":{"start":{"line":76,"column":17},"end":{"line":76,"column":32}},"loc":{"start":{"line":76,"column":35},"end":{"line":97,"column":3}},"line":76},"5":{"name":"signOut","decl":{"start":{"line":99,"column":17},"end":{"line":99,"column":24}},"loc":{"start":{"line":99,"column":27},"end":{"line":102,"column":3}},"line":99},"6":{"name":"(anonymous_6)","decl":{"start":{"line":111,"column":23},"end":{"line":111,"column":24}},"loc":{"start":{"line":111,"column":29},"end":{"line":115,"column":1}},"line":111}},"branchMap":{"0":{"loc":{"start":{"line":40,"column":6},"end":{"line":43,"column":7}},"type":"if","locations":[{"start":{"line":40,"column":6},"end":{"line":43,"column":7}},{"start":{},"end":{}}],"line":40},"1":{"loc":{"start":{"line":59,"column":4},"end":{"line":73,"column":5}},"type":"if","locations":[{"start":{"line":59,"column":4},"end":{"line":73,"column":5}},{"start":{},"end":{}}],"line":59},"2":{"loc":{"start":{"line":84,"column":4},"end":{"line":96,"column":5}},"type":"if","locations":[{"start":{"line":84,"column":4},"end":{"line":96,"column":5}},{"start":{},"end":{}}],"line":84}},"s":{"0":2,"1":2,"2":2,"3":2,"4":6,"5":6,"6":6,"7":6,"8":2,"9":2,"10":1,"11":1,"12":2,"13":2,"14":2,"15":2,"16":2,"17":2,"18":2,"19":1,"20":1,"21":1,"22":1,"23":1,"24":0,"25":0,"26":0,"27":0,"28":0,"29":0,"30":0,"31":0,"32":0,"33":6,"34":2,"35":8,"36":8},"f":{"0":6,"1":2,"2":2,"3":2,"4":0,"5":0,"6":8},"b":{"0":[1,1],"1":[1,1],"2":[0,0]},"_coverageSchema":"1a1c01bbd47fc00a2c39e90264f33305004495a9","hash":"77ae36187c63ff808bc7c1753750ec3f75ebcf07"}
,"/home/pablo/Documentos/Projetos/ignite/react-native/gofinances/src/routes/app.routes.tsx": {"path":"/home/pablo/Documentos/Projetos/ignite/react-native/gofinances/src/routes/app.routes.tsx","statementMap":{"0":{"start":{"line":10,"column":30},"end":{"line":10,"column":56}},"1":{"start":{"line":21,"column":25},"end":{"line":77,"column":1}},"2":{"start":{"line":22,"column":16},"end":{"line":22,"column":26}},"3":{"start":{"line":24,"column":2},"end":{"line":76,"column":4}},"4":{"start":{"line":41,"column":12},"end":{"line":45,"column":14}},"5":{"start":{"line":54,"column":12},"end":{"line":58,"column":14}},"6":{"start":{"line":67,"column":12},"end":{"line":71,"column":14}}},"fnMap":{"0":{"name":"(anonymous_0)","decl":{"start":{"line":21,"column":25},"end":{"line":21,"column":26}},"loc":{"start":{"line":21,"column":31},"end":{"line":77,"column":1}},"line":21},"1":{"name":"(anonymous_1)","decl":{"start":{"line":40,"column":22},"end":{"line":40,"column":23}},"loc":{"start":{"line":41,"column":12},"end":{"line":45,"column":14}},"line":41},"2":{"name":"(anonymous_2)","decl":{"start":{"line":53,"column":22},"end":{"line":53,"column":23}},"loc":{"start":{"line":54,"column":12},"end":{"line":58,"column":14}},"line":54},"3":{"name":"(anonymous_3)","decl":{"start":{"line":66,"column":22},"end":{"line":66,"column":23}},"loc":{"start":{"line":67,"column":12},"end":{"line":71,"column":14}},"line":67}},"branchMap":{},"s":{"0":0,"1":0,"2":0,"3":0,"4":0,"5":0,"6":0},"f":{"0":0,"1":0,"2":0,"3":0},"b":{}}
,"/home/pablo/Documentos/Projetos/ignite/react-native/gofinances/src/routes/auth.routes.tsx": {"path":"/home/pablo/Documentos/Projetos/ignite/react-native/gofinances/src/routes/auth.routes.tsx","statementMap":{"0":{"start":{"line":5,"column":30},"end":{"line":5,"column":52}},"1":{"start":{"line":16,"column":26},"end":{"line":24,"column":1}},"2":{"start":{"line":17,"column":2},"end":{"line":23,"column":4}}},"fnMap":{"0":{"name":"(anonymous_0)","decl":{"start":{"line":16,"column":26},"end":{"line":16,"column":27}},"loc":{"start":{"line":16,"column":32},"end":{"line":24,"column":1}},"line":16}},"branchMap":{},"s":{"0":0,"1":0,"2":0},"f":{"0":0},"b":{}}
,"/home/pablo/Documentos/Projetos/ignite/react-native/gofinances/src/routes/index.tsx": {"path":"/home/pablo/Documentos/Projetos/ignite/react-native/gofinances/src/routes/index.tsx","statementMap":{"0":{"start":{"line":8,"column":22},"end":{"line":18,"column":1}},"1":{"start":{"line":9,"column":41},"end":{"line":9,"column":50}},"2":{"start":{"line":11,"column":4},"end":{"line":11,"column":40}},"3":{"start":{"line":13,"column":4},"end":{"line":17,"column":5}}},"fnMap":{"0":{"name":"(anonymous_0)","decl":{"start":{"line":8,"column":22},"end":{"line":8,"column":23}},"loc":{"start":{"line":8,"column":28},"end":{"line":18,"column":1}},"line":8}},"branchMap":{"0":{"loc":{"start":{"line":11,"column":4},"end":{"line":11,"column":40}},"type":"binary-expr","locations":[{"start":{"line":11,"column":4},"end":{"line":11,"column":22}},{"start":{"line":11,"column":26},"end":{"line":11,"column":40}}],"line":11},"1":{"loc":{"start":{"line":15,"column":13},"end":{"line":15,"column":54}},"type":"cond-expr","locations":[{"start":{"line":15,"column":24},"end":{"line":15,"column":37}},{"start":{"line":15,"column":40},"end":{"line":15,"column":54}}],"line":15}},"s":{"0":0,"1":0,"2":0,"3":0},"f":{"0":0},"b":{"0":[0,0],"1":[0,0]}}
,"/home/pablo/Documentos/Projetos/ignite/react-native/gofinances/src/screens/CategorySelect/index.tsx": {"path":"/home/pablo/Documentos/Projetos/ignite/react-native/gofinances/src/screens/CategorySelect/index.tsx","statementMap":{"0":{"start":{"line":18,"column":47},"end":{"line":51,"column":1}},"1":{"start":{"line":24,"column":31},"end":{"line":26,"column":3}},"2":{"start":{"line":25,"column":4},"end":{"line":25,"column":25}},"3":{"start":{"line":28,"column":2},"end":{"line":50,"column":4}},"4":{"start":{"line":36,"column":32},"end":{"line":36,"column":40}},"5":{"start":{"line":38,"column":10},"end":{"line":41,"column":23}},"6":{"start":{"line":38,"column":37},"end":{"line":38,"column":63}},"7":{"start":{"line":43,"column":38},"end":{"line":43,"column":53}}},"fnMap":{"0":{"name":"(anonymous_0)","decl":{"start":{"line":18,"column":47},"end":{"line":18,"column":48}},"loc":{"start":{"line":22,"column":6},"end":{"line":51,"column":1}},"line":22},"1":{"name":"(anonymous_1)","decl":{"start":{"line":24,"column":31},"end":{"line":24,"column":32}},"loc":{"start":{"line":24,"column":55},"end":{"line":26,"column":3}},"line":24},"2":{"name":"(anonymous_2)","decl":{"start":{"line":36,"column":22},"end":{"line":36,"column":23}},"loc":{"start":{"line":36,"column":32},"end":{"line":36,"column":40}},"line":36},"3":{"name":"(anonymous_3)","decl":{"start":{"line":37,"column":20},"end":{"line":37,"column":21}},"loc":{"start":{"line":38,"column":10},"end":{"line":41,"column":23}},"line":38},"4":{"name":"(anonymous_4)","decl":{"start":{"line":38,"column":31},"end":{"line":38,"column":32}},"loc":{"start":{"line":38,"column":37},"end":{"line":38,"column":63}},"line":38},"5":{"name":"(anonymous_5)","decl":{"start":{"line":43,"column":32},"end":{"line":43,"column":33}},"loc":{"start":{"line":43,"column":38},"end":{"line":43,"column":53}},"line":43}},"branchMap":{},"s":{"0":1,"1":2,"2":0,"3":2,"4":12,"5":12,"6":0,"7":10},"f":{"0":2,"1":0,"2":12,"3":12,"4":0,"5":10},"b":{},"_coverageSchema":"1a1c01bbd47fc00a2c39e90264f33305004495a9","hash":"c8a41bd2c173223f5a14b3bfaf958835d8be200c"}
,"/home/pablo/Documentos/Projetos/ignite/react-native/gofinances/src/screens/Dashboard/index.tsx": {"path":"/home/pablo/Documentos/Projetos/ignite/react-native/gofinances/src/screens/Dashboard/index.tsx","statementMap":{"0":{"start":{"line":29,"column":35},"end":{"line":186,"column":1}},"1":{"start":{"line":30,"column":16},"end":{"line":30,"column":26}},"2":{"start":{"line":31,"column":28},"end":{"line":31,"column":37}},"3":{"start":{"line":32,"column":36},"end":{"line":32,"column":50}},"4":{"start":{"line":33,"column":49},"end":{"line":33,"column":76}},"5":{"start":{"line":34,"column":44},"end":{"line":36,"column":3}},"6":{"start":{"line":39,"column":31},"end":{"line":40,"column":55}},"7":{"start":{"line":40,"column":29},"end":{"line":40,"column":54}},"8":{"start":{"line":42,"column":4},"end":{"line":44,"column":5}},"9":{"start":{"line":43,"column":6},"end":{"line":43,"column":16}},"10":{"start":{"line":46,"column":29},"end":{"line":47,"column":63}},"11":{"start":{"line":47,"column":26},"end":{"line":47,"column":62}},"12":{"start":{"line":49,"column":28},"end":{"line":49,"column":76}},"13":{"start":{"line":50,"column":4},"end":{"line":50,"column":106}},"14":{"start":{"line":54,"column":20},"end":{"line":54,"column":62}},"15":{"start":{"line":55,"column":21},"end":{"line":55,"column":56}},"16":{"start":{"line":56,"column":42},"end":{"line":56,"column":78}},"17":{"start":{"line":58,"column":23},"end":{"line":58,"column":24}},"18":{"start":{"line":59,"column":25},"end":{"line":59,"column":26}},"19":{"start":{"line":61,"column":34},"end":{"line":85,"column":5}},"20":{"start":{"line":63,"column":8},"end":{"line":67,"column":9}},"21":{"start":{"line":64,"column":10},"end":{"line":64,"column":53}},"22":{"start":{"line":66,"column":10},"end":{"line":66,"column":55}},"23":{"start":{"line":69,"column":23},"end":{"line":72,"column":10}},"24":{"start":{"line":73,"column":21},"end":{"line":77,"column":45}},"25":{"start":{"line":79,"column":8},"end":{"line":83,"column":10}},"26":{"start":{"line":86,"column":4},"end":{"line":86,"column":46}},"27":{"start":{"line":89,"column":35},"end":{"line":89,"column":77}},"28":{"start":{"line":90,"column":37},"end":{"line":90,"column":81}},"29":{"start":{"line":91,"column":26},"end":{"line":91,"column":116}},"30":{"start":{"line":93,"column":18},"end":{"line":93,"column":47}},"31":{"start":{"line":94,"column":4},"end":{"line":116,"column":7}},"32":{"start":{"line":117,"column":4},"end":{"line":117,"column":23}},"33":{"start":{"line":120,"column":2},"end":{"line":124,"column":4}},"34":{"start":{"line":122,"column":6},"end":{"line":122,"column":24}},"35":{"start":{"line":126,"column":2},"end":{"line":185,"column":4}},"36":{"start":{"line":178,"column":38},"end":{"line":178,"column":45}},"37":{"start":{"line":179,"column":40},"end":{"line":179,"column":71}}},"fnMap":{"0":{"name":"(anonymous_0)","decl":{"start":{"line":29,"column":35},"end":{"line":29,"column":36}},"loc":{"start":{"line":29,"column":41},"end":{"line":186,"column":1}},"line":29},"1":{"name":"getLastTransactionDate","decl":{"start":{"line":38,"column":11},"end":{"line":38,"column":33}},"loc":{"start":{"line":38,"column":86},"end":{"line":51,"column":3}},"line":38},"2":{"name":"(anonymous_2)","decl":{"start":{"line":40,"column":14},"end":{"line":40,"column":15}},"loc":{"start":{"line":40,"column":29},"end":{"line":40,"column":54}},"line":40},"3":{"name":"(anonymous_3)","decl":{"start":{"line":47,"column":11},"end":{"line":47,"column":12}},"loc":{"start":{"line":47,"column":26},"end":{"line":47,"column":62}},"line":47},"4":{"name":"loadTransaction","decl":{"start":{"line":53,"column":17},"end":{"line":53,"column":32}},"loc":{"start":{"line":53,"column":35},"end":{"line":118,"column":3}},"line":53},"5":{"name":"(anonymous_5)","decl":{"start":{"line":62,"column":6},"end":{"line":62,"column":7}},"loc":{"start":{"line":62,"column":21},"end":{"line":84,"column":7}},"line":62},"6":{"name":"(anonymous_6)","decl":{"start":{"line":121,"column":16},"end":{"line":121,"column":17}},"loc":{"start":{"line":121,"column":22},"end":{"line":123,"column":5}},"line":121},"7":{"name":"(anonymous_7)","decl":{"start":{"line":178,"column":28},"end":{"line":178,"column":29}},"loc":{"start":{"line":178,"column":38},"end":{"line":178,"column":45}},"line":178},"8":{"name":"(anonymous_8)","decl":{"start":{"line":179,"column":26},"end":{"line":179,"column":27}},"loc":{"start":{"line":179,"column":40},"end":{"line":179,"column":71}},"line":179}},"branchMap":{"0":{"loc":{"start":{"line":42,"column":4},"end":{"line":44,"column":5}},"type":"if","locations":[{"start":{"line":42,"column":4},"end":{"line":44,"column":5}},{"start":{},"end":{}}],"line":42},"1":{"loc":{"start":{"line":56,"column":42},"end":{"line":56,"column":78}},"type":"cond-expr","locations":[{"start":{"line":56,"column":53},"end":{"line":56,"column":73}},{"start":{"line":56,"column":76},"end":{"line":56,"column":78}}],"line":56},"2":{"loc":{"start":{"line":63,"column":8},"end":{"line":67,"column":9}},"type":"if","locations":[{"start":{"line":63,"column":8},"end":{"line":67,"column":9}},{"start":{"line":65,"column":15},"end":{"line":67,"column":9}}],"line":63},"3":{"loc":{"start":{"line":91,"column":26},"end":{"line":91,"column":116}},"type":"cond-expr","locations":[{"start":{"line":91,"column":61},"end":{"line":91,"column":80}},{"start":{"line":91,"column":83},"end":{"line":91,"column":116}}],"line":91},"4":{"loc":{"start":{"line":100,"column":25},"end":{"line":100,"column":126}},"type":"cond-expr","locations":[{"start":{"line":100,"column":58},"end":{"line":100,"column":77}},{"start":{"line":100,"column":80},"end":{"line":100,"column":126}}],"line":100},"5":{"loc":{"start":{"line":107,"column":25},"end":{"line":107,"column":130}},"type":"cond-expr","locations":[{"start":{"line":107,"column":60},"end":{"line":107,"column":79}},{"start":{"line":107,"column":82},"end":{"line":107,"column":130}}],"line":107},"6":{"loc":{"start":{"line":128,"column":7},"end":{"line":183,"column":7}},"type":"cond-expr","locations":[{"start":{"line":129,"column":8},"end":{"line":131,"column":26}},{"start":{"line":133,"column":8},"end":{"line":182,"column":11}}],"line":128}},"s":{"0":0,"1":0,"2":0,"3":0,"4":0,"5":0,"6":0,"7":0,"8":0,"9":0,"10":0,"11":0,"12":0,"13":0,"14":0,"15":0,"16":0,"17":0,"18":0,"19":0,"20":0,"21":0,"22":0,"23":0,"24":0,"25":0,"26":0,"27":0,"28":0,"29":0,"30":0,"31":0,"32":0,"33":0,"34":0,"35":0,"36":0,"37":0},"f":{"0":0,"1":0,"2":0,"3":0,"4":0,"5":0,"6":0,"7":0,"8":0},"b":{"0":[0,0],"1":[0,0],"2":[0,0],"3":[0,0],"4":[0,0],"5":[0,0],"6":[0,0]}}
,"/home/pablo/Documentos/Projetos/ignite/react-native/gofinances/src/screens/Register/index.tsx": {"path":"/home/pablo/Documentos/Projetos/ignite/react-native/gofinances/src/screens/Register/index.tsx","statementMap":{"0":{"start":{"line":22,"column":15},"end":{"line":28,"column":13}},"1":{"start":{"line":30,"column":24},"end":{"line":152,"column":1}},"2":{"start":{"line":31,"column":19},"end":{"line":31,"column":28}},"3":{"start":{"line":32,"column":21},"end":{"line":32,"column":36}},"4":{"start":{"line":33,"column":48},"end":{"line":33,"column":60}},"5":{"start":{"line":34,"column":52},"end":{"line":34,"column":67}},"6":{"start":{"line":35,"column":34},"end":{"line":38,"column":4}},"7":{"start":{"line":39,"column":66},"end":{"line":39,"column":108}},"8":{"start":{"line":41,"column":39},"end":{"line":43,"column":3}},"9":{"start":{"line":42,"column":4},"end":{"line":42,"column":28}},"10":{"start":{"line":45,"column":41},"end":{"line":47,"column":3}},"11":{"start":{"line":46,"column":4},"end":{"line":46,"column":31}},"12":{"start":{"line":49,"column":40},"end":{"line":51,"column":3}},"13":{"start":{"line":50,"column":4},"end":{"line":50,"column":30}},"14":{"start":{"line":53,"column":25},"end":{"line":90,"column":3}},"15":{"start":{"line":54,"column":4},"end":{"line":56,"column":5}},"16":{"start":{"line":55,"column":6},"end":{"line":55,"column":57}},"17":{"start":{"line":58,"column":4},"end":{"line":60,"column":5}},"18":{"start":{"line":59,"column":6},"end":{"line":59,"column":49}},"19":{"start":{"line":62,"column":27},"end":{"line":69,"column":5}},"20":{"start":{"line":71,"column":4},"end":{"line":89,"column":5}},"21":{"start":{"line":72,"column":22},"end":{"line":72,"column":64}},"22":{"start":{"line":73,"column":19},"end":{"line":73,"column":54}},"23":{"start":{"line":74,"column":26},"end":{"line":74,"column":54}},"24":{"start":{"line":76,"column":28},"end":{"line":76,"column":61}},"25":{"start":{"line":78,"column":6},"end":{"line":78,"column":72}},"26":{"start":{"line":79,"column":6},"end":{"line":79,"column":13}},"27":{"start":{"line":80,"column":6},"end":{"line":80,"column":28}},"28":{"start":{"line":81,"column":6},"end":{"line":84,"column":8}},"29":{"start":{"line":85,"column":6},"end":{"line":85,"column":37}},"30":{"start":{"line":87,"column":6},"end":{"line":87,"column":25}},"31":{"start":{"line":88,"column":6},"end":{"line":88,"column":44}},"32":{"start":{"line":92,"column":2},"end":{"line":151,"column":4}},"33":{"start":{"line":121,"column":31},"end":{"line":121,"column":65}},"34":{"start":{"line":127,"column":31},"end":{"line":127,"column":67}}},"fnMap":{"0":{"name":"(anonymous_0)","decl":{"start":{"line":30,"column":24},"end":{"line":30,"column":25}},"loc":{"start":{"line":30,"column":30},"end":{"line":152,"column":1}},"line":30},"1":{"name":"(anonymous_1)","decl":{"start":{"line":41,"column":39},"end":{"line":41,"column":40}},"loc":{"start":{"line":41,"column":64},"end":{"line":43,"column":3}},"line":41},"2":{"name":"(anonymous_2)","decl":{"start":{"line":45,"column":41},"end":{"line":45,"column":42}},"loc":{"start":{"line":45,"column":47},"end":{"line":47,"column":3}},"line":45},"3":{"name":"(anonymous_3)","decl":{"start":{"line":49,"column":40},"end":{"line":49,"column":41}},"loc":{"start":{"line":49,"column":46},"end":{"line":51,"column":3}},"line":49},"4":{"name":"(anonymous_4)","decl":{"start":{"line":53,"column":25},"end":{"line":53,"column":26}},"loc":{"start":{"line":53,"column":51},"end":{"line":90,"column":3}},"line":53},"5":{"name":"(anonymous_5)","decl":{"start":{"line":121,"column":25},"end":{"line":121,"column":26}},"loc":{"start":{"line":121,"column":31},"end":{"line":121,"column":65}},"line":121},"6":{"name":"(anonymous_6)","decl":{"start":{"line":127,"column":25},"end":{"line":127,"column":26}},"loc":{"start":{"line":127,"column":31},"end":{"line":127,"column":67}},"line":127}},"branchMap":{"0":{"loc":{"start":{"line":54,"column":4},"end":{"line":56,"column":5}},"type":"if","locations":[{"start":{"line":54,"column":4},"end":{"line":56,"column":5}},{"start":{},"end":{}}],"line":54},"1":{"loc":{"start":{"line":58,"column":4},"end":{"line":60,"column":5}},"type":"if","locations":[{"start":{"line":58,"column":4},"end":{"line":60,"column":5}},{"start":{},"end":{}}],"line":58},"2":{"loc":{"start":{"line":74,"column":26},"end":{"line":74,"column":54}},"type":"cond-expr","locations":[{"start":{"line":74,"column":33},"end":{"line":74,"column":49}},{"start":{"line":74,"column":52},"end":{"line":74,"column":54}}],"line":74},"3":{"loc":{"start":{"line":107,"column":21},"end":{"line":107,"column":55}},"type":"binary-expr","locations":[{"start":{"line":107,"column":21},"end":{"line":107,"column":32}},{"start":{"line":107,"column":36},"end":{"line":107,"column":55}}],"line":107},"4":{"loc":{"start":{"line":115,"column":21},"end":{"line":115,"column":59}},"type":"binary-expr","locations":[{"start":{"line":115,"column":21},"end":{"line":115,"column":34}},{"start":{"line":115,"column":38},"end":{"line":115,"column":59}}],"line":115}},"s":{"0":1,"1":1,"2":2,"3":2,"4":2,"5":2,"6":2,"7":2,"8":2,"9":0,"10":2,"11":0,"12":2,"13":1,"14":2,"15":0,"16":0,"17":0,"18":0,"19":0,"20":0,"21":0,"22":0,"23":0,"24":0,"25":0,"26":0,"27":0,"28":0,"29":0,"30":0,"31":0,"32":2,"33":0,"34":0},"f":{"0":2,"1":0,"2":0,"3":1,"4":0,"5":0,"6":0},"b":{"0":[0,0],"1":[0,0],"2":[0,0],"3":[2,0],"4":[2,0]},"_coverageSchema":"1a1c01bbd47fc00a2c39e90264f33305004495a9","hash":"f621c90002d36873d5623fa0a073a5d8e1a142c6"}
,"/home/pablo/Documentos/Projetos/ignite/react-native/gofinances/src/screens/Resume/index.tsx": {"path":"/home/pablo/Documentos/Projetos/ignite/react-native/gofinances/src/screens/Resume/index.tsx","statementMap":{"0":{"start":{"line":33,"column":32},"end":{"line":167,"column":1}},"1":{"start":{"line":34,"column":16},"end":{"line":34,"column":26}},"2":{"start":{"line":35,"column":19},"end":{"line":35,"column":28}},"3":{"start":{"line":36,"column":36},"end":{"line":36,"column":51}},"4":{"start":{"line":37,"column":42},"end":{"line":37,"column":62}},"5":{"start":{"line":38,"column":52},"end":{"line":40,"column":3}},"6":{"start":{"line":43,"column":4},"end":{"line":45,"column":5}},"7":{"start":{"line":44,"column":6},"end":{"line":44,"column":50}},"8":{"start":{"line":46,"column":4},"end":{"line":48,"column":5}},"9":{"start":{"line":47,"column":6},"end":{"line":47,"column":50}},"10":{"start":{"line":52,"column":4},"end":{"line":52,"column":22}},"11":{"start":{"line":53,"column":20},"end":{"line":53,"column":62}},"12":{"start":{"line":54,"column":21},"end":{"line":54,"column":56}},"13":{"start":{"line":55,"column":49},"end":{"line":57,"column":10}},"14":{"start":{"line":59,"column":22},"end":{"line":64,"column":5}},"15":{"start":{"line":61,"column":8},"end":{"line":63,"column":77}},"16":{"start":{"line":66,"column":27},"end":{"line":68,"column":9}},"17":{"start":{"line":67,"column":6},"end":{"line":67,"column":52}},"18":{"start":{"line":70,"column":44},"end":{"line":70,"column":46}},"19":{"start":{"line":71,"column":4},"end":{"line":95,"column":7}},"20":{"start":{"line":72,"column":24},"end":{"line":72,"column":25}},"21":{"start":{"line":74,"column":6},"end":{"line":78,"column":9}},"22":{"start":{"line":75,"column":8},"end":{"line":77,"column":9}},"23":{"start":{"line":76,"column":10},"end":{"line":76,"column":54}},"24":{"start":{"line":80,"column":6},"end":{"line":94,"column":7}},"25":{"start":{"line":81,"column":31},"end":{"line":84,"column":10}},"26":{"start":{"line":86,"column":24},"end":{"line":86,"column":79}},"27":{"start":{"line":88,"column":8},"end":{"line":93,"column":11}},"28":{"start":{"line":97,"column":4},"end":{"line":97,"column":42}},"29":{"start":{"line":98,"column":4},"end":{"line":98,"column":23}},"30":{"start":{"line":101,"column":2},"end":{"line":105,"column":4}},"31":{"start":{"line":103,"column":6},"end":{"line":103,"column":17}},"32":{"start":{"line":107,"column":2},"end":{"line":166,"column":4}},"33":{"start":{"line":127,"column":48},"end":{"line":127,"column":72}},"34":{"start":{"line":135,"column":48},"end":{"line":135,"column":72}},"35":{"start":{"line":143,"column":60},"end":{"line":143,"column":74}},"36":{"start":{"line":156,"column":10},"end":{"line":161,"column":12}}},"fnMap":{"0":{"name":"(anonymous_0)","decl":{"start":{"line":33,"column":32},"end":{"line":33,"column":33}},"loc":{"start":{"line":33,"column":38},"end":{"line":167,"column":1}},"line":33},"1":{"name":"handleDateChange","decl":{"start":{"line":42,"column":11},"end":{"line":42,"column":27}},"loc":{"start":{"line":42,"column":53},"end":{"line":49,"column":3}},"line":42},"2":{"name":"loadData","decl":{"start":{"line":51,"column":17},"end":{"line":51,"column":25}},"loc":{"start":{"line":51,"column":28},"end":{"line":99,"column":3}},"line":51},"3":{"name":"(anonymous_3)","decl":{"start":{"line":60,"column":6},"end":{"line":60,"column":7}},"loc":{"start":{"line":61,"column":8},"end":{"line":63,"column":77}},"line":61},"4":{"name":"(anonymous_4)","decl":{"start":{"line":66,"column":44},"end":{"line":66,"column":45}},"loc":{"start":{"line":66,"column":72},"end":{"line":68,"column":5}},"line":66},"5":{"name":"(anonymous_5)","decl":{"start":{"line":71,"column":23},"end":{"line":71,"column":24}},"loc":{"start":{"line":71,"column":37},"end":{"line":95,"column":5}},"line":71},"6":{"name":"(anonymous_6)","decl":{"start":{"line":74,"column":24},"end":{"line":74,"column":25}},"loc":{"start":{"line":74,"column":43},"end":{"line":78,"column":7}},"line":74},"7":{"name":"(anonymous_7)","decl":{"start":{"line":102,"column":16},"end":{"line":102,"column":17}},"loc":{"start":{"line":102,"column":22},"end":{"line":104,"column":5}},"line":102},"8":{"name":"(anonymous_8)","decl":{"start":{"line":127,"column":42},"end":{"line":127,"column":43}},"loc":{"start":{"line":127,"column":48},"end":{"line":127,"column":72}},"line":127},"9":{"name":"(anonymous_9)","decl":{"start":{"line":135,"column":42},"end":{"line":135,"column":43}},"loc":{"start":{"line":135,"column":48},"end":{"line":135,"column":72}},"line":135},"10":{"name":"(anonymous_10)","decl":{"start":{"line":143,"column":46},"end":{"line":143,"column":47}},"loc":{"start":{"line":143,"column":60},"end":{"line":143,"column":74}},"line":143},"11":{"name":"(anonymous_11)","decl":{"start":{"line":155,"column":31},"end":{"line":155,"column":32}},"loc":{"start":{"line":156,"column":10},"end":{"line":161,"column":12}},"line":156}},"branchMap":{"0":{"loc":{"start":{"line":43,"column":4},"end":{"line":45,"column":5}},"type":"if","locations":[{"start":{"line":43,"column":4},"end":{"line":45,"column":5}},{"start":{},"end":{}}],"line":43},"1":{"loc":{"start":{"line":46,"column":4},"end":{"line":48,"column":5}},"type":"if","locations":[{"start":{"line":46,"column":4},"end":{"line":48,"column":5}},{"start":{},"end":{}}],"line":46},"2":{"loc":{"start":{"line":55,"column":49},"end":{"line":57,"column":10}},"type":"cond-expr","locations":[{"start":{"line":56,"column":8},"end":{"line":56,"column":28}},{"start":{"line":57,"column":8},"end":{"line":57,"column":10}}],"line":55},"3":{"loc":{"start":{"line":61,"column":8},"end":{"line":63,"column":77}},"type":"binary-expr","locations":[{"start":{"line":61,"column":8},"end":{"line":61,"column":33}},{"start":{"line":62,"column":8},"end":{"line":62,"column":71}},{"start":{"line":63,"column":8},"end":{"line":63,"column":77}}],"line":61},"4":{"loc":{"start":{"line":75,"column":8},"end":{"line":77,"column":9}},"type":"if","locations":[{"start":{"line":75,"column":8},"end":{"line":77,"column":9}},{"start":{},"end":{}}],"line":75},"5":{"loc":{"start":{"line":80,"column":6},"end":{"line":94,"column":7}},"type":"if","locations":[{"start":{"line":80,"column":6},"end":{"line":94,"column":7}},{"start":{},"end":{}}],"line":80},"6":{"loc":{"start":{"line":113,"column":7},"end":{"line":164,"column":7}},"type":"cond-expr","locations":[{"start":{"line":114,"column":8},"end":{"line":116,"column":26}},{"start":{"line":118,"column":6},"end":{"line":163,"column":18}}],"line":113}},"s":{"0":0,"1":0,"2":0,"3":0,"4":0,"5":0,"6":0,"7":0,"8":0,"9":0,"10":0,"11":0,"12":0,"13":0,"14":0,"15":0,"16":0,"17":0,"18":0,"19":0,"20":0,"21":0,"22":0,"23":0,"24":0,"25":0,"26":0,"27":0,"28":0,"29":0,"30":0,"31":0,"32":0,"33":0,"34":0,"35":0,"36":0},"f":{"0":0,"1":0,"2":0,"3":0,"4":0,"5":0,"6":0,"7":0,"8":0,"9":0,"10":0,"11":0},"b":{"0":[0,0],"1":[0,0],"2":[0,0],"3":[0,0,0],"4":[0,0],"5":[0,0],"6":[0,0]}}
,"/home/pablo/Documentos/Projetos/ignite/react-native/gofinances/src/screens/SignIn/index.tsx": {"path":"/home/pablo/Documentos/Projetos/ignite/react-native/gofinances/src/screens/SignIn/index.tsx","statementMap":{"0":{"start":{"line":12,"column":32},"end":{"line":75,"column":1}},"1":{"start":{"line":13,"column":16},"end":{"line":13,"column":26}},"2":{"start":{"line":14,"column":48},"end":{"line":14,"column":57}},"3":{"start":{"line":15,"column":36},"end":{"line":15,"column":51}},"4":{"start":{"line":18,"column":4},"end":{"line":25,"column":5}},"5":{"start":{"line":19,"column":6},"end":{"line":19,"column":24}},"6":{"start":{"line":20,"column":6},"end":{"line":20,"column":31}},"7":{"start":{"line":22,"column":6},"end":{"line":22,"column":25}},"8":{"start":{"line":23,"column":6},"end":{"line":23,"column":62}},"9":{"start":{"line":24,"column":6},"end":{"line":24,"column":25}},"10":{"start":{"line":29,"column":4},"end":{"line":36,"column":5}},"11":{"start":{"line":30,"column":6},"end":{"line":30,"column":24}},"12":{"start":{"line":31,"column":6},"end":{"line":31,"column":30}},"13":{"start":{"line":33,"column":6},"end":{"line":33,"column":25}},"14":{"start":{"line":34,"column":6},"end":{"line":34,"column":61}},"15":{"start":{"line":35,"column":6},"end":{"line":35,"column":25}},"16":{"start":{"line":39,"column":2},"end":{"line":74,"column":4}}},"fnMap":{"0":{"name":"(anonymous_0)","decl":{"start":{"line":12,"column":32},"end":{"line":12,"column":33}},"loc":{"start":{"line":12,"column":38},"end":{"line":75,"column":1}},"line":12},"1":{"name":"handleSignInWithGoogle","decl":{"start":{"line":17,"column":17},"end":{"line":17,"column":39}},"loc":{"start":{"line":17,"column":42},"end":{"line":26,"column":3}},"line":17},"2":{"name":"handleSignInWithApple","decl":{"start":{"line":28,"column":17},"end":{"line":28,"column":38}},"loc":{"start":{"line":28,"column":41},"end":{"line":37,"column":3}},"line":28}},"branchMap":{"0":{"loc":{"start":{"line":61,"column":11},"end":{"line":67,"column":11}},"type":"binary-expr","locations":[{"start":{"line":61,"column":11},"end":{"line":61,"column":32}},{"start":{"line":62,"column":12},"end":{"line":66,"column":14}}],"line":61},"1":{"loc":{"start":{"line":70,"column":9},"end":{"line":70,"column":109}},"type":"binary-expr","locations":[{"start":{"line":70,"column":9},"end":{"line":70,"column":18}},{"start":{"line":70,"column":22},"end":{"line":70,"column":109}}],"line":70}},"s":{"0":0,"1":0,"2":0,"3":0,"4":0,"5":0,"6":0,"7":0,"8":0,"9":0,"10":0,"11":0,"12":0,"13":0,"14":0,"15":0,"16":0},"f":{"0":0,"1":0,"2":0},"b":{"0":[0,0],"1":[0,0]}}
}
